<?xml version="1.0" encoding="UTF-8"?>
<testsuite name="com.tviptv.app.ui.player.PlayerRemoteControllerTest" tests="10" skipped="0" failures="0" errors="0" timestamp="2026-06-22T01:57:56" hostname="Apples-MacBook-Pro.local" time="0.002">
  <properties/>
  <testcase name="vod_seekBarFocused_passesThroughLeftRight" classname="com.tviptv.app.ui.player.PlayerRemoteControllerTest" time="0.001"/>
  <testcase name="back_closesPanelWhenSubPanelOpen" classname="com.tviptv.app.ui.player.PlayerRemoteControllerTest" time="0.0"/>
  <testcase name="vod_overlayVisible_left_seeks" classname="com.tviptv.app.ui.player.PlayerRemoteControllerTest" time="0.0"/>
  <testcase name="live_left_zapsPrevious" classname="com.tviptv.app.ui.player.PlayerRemoteControllerTest" time="0.0"/>
  <testcase name="back_exitsWhenOverlayHidden" classname="com.tviptv.app.ui.player.PlayerRemoteControllerTest" time="0.0"/>
  <testcase name="vod_overlayHidden_left_seeksImmediately" classname="com.tviptv.app.ui.player.PlayerRemoteControllerTest" time="0.0"/>
  <testcase name="playPause_alwaysToggles_evenWhenOverlayHidden" classname="com.tviptv.app.ui.player.PlayerRemoteControllerTest" time="0.0"/>
  <testcase name="back_exitsPlayerWhenNoPanelOpen" classname="com.tviptv.app.ui.player.PlayerRemoteControllerTest" time="0.0"/>
  <testcase name="live_up_opensChannelList" classname="com.tviptv.app.ui.player.PlayerRemoteControllerTest" time="0.0"/>
  <testcase name="vod_down_opensDetailsWhenOverlayVisible" classname="com.tviptv.app.ui.player.PlayerRemoteControllerTest" time="0.001"/>
  <system-out><![CDATA[]]></system-out>
  <system-err><![CDATA[]]></system-err>
</testsuite>
