<?xml version="1.0" encoding="UTF-8"?>
<testsuite name="com.tviptv.app.ui.setup.SetupFormHelperTest" tests="6" skipped="0" failures="0" errors="0" timestamp="2026-06-22T01:57:56" hostname="Apples-MacBook-Pro.local" time="0.001">
  <properties/>
  <testcase name="xtreamFormState_resolvedName_prefersExplicitName" classname="com.tviptv.app.ui.setup.SetupFormHelperTest" time="0.0"/>
  <testcase name="hostLabel_returnsEmptyForInvalidUrl" classname="com.tviptv.app.ui.setup.SetupFormHelperTest" time="0.0"/>
  <testcase name="hostLabel_extractsHostFromUrl" classname="com.tviptv.app.ui.setup.SetupFormHelperTest" time="0.001"/>
  <testcase name="setupDefaults_containsNonBlankValues" classname="com.tviptv.app.ui.setup.SetupFormHelperTest" time="0.0"/>
  <testcase name="xtreamFormState_resolvedName_fallsBackToHostLabel" classname="com.tviptv.app.ui.setup.SetupFormHelperTest" time="0.0"/>
  <testcase name="xtreamFormState_resolvedName_fallsBackToUsername" classname="com.tviptv.app.ui.setup.SetupFormHelperTest" time="0.0"/>
  <system-out><![CDATA[]]></system-out>
  <system-err><![CDATA[]]></system-err>
</testsuite>
