<?xml version="1.0" encoding="UTF-8"?>
<testsuite name="com.tviptv.app.data.xtream.XtreamRepositoryTest" tests="5" skipped="0" failures="0" errors="0" timestamp="2026-06-22T01:57:55" hostname="Apples-MacBook-Pro.local" time="0.072">
  <properties/>
  <testcase name="getCategories_returnsMappedCategories" classname="com.tviptv.app.data.xtream.XtreamRepositoryTest" time="0.024"/>
  <testcase name="validateCredentials_acceptsActiveUser" classname="com.tviptv.app.data.xtream.XtreamRepositoryTest" time="0.015"/>
  <testcase name="resolveStreamUrl_buildsXtreamLiveUrl" classname="com.tviptv.app.data.xtream.XtreamRepositoryTest" time="0.006"/>
  <testcase name="validateCredentials_rejectsUnauthorizedUser" classname="com.tviptv.app.data.xtream.XtreamRepositoryTest" time="0.002"/>
  <testcase name="refreshSource_cachesCategoriesAndChannels" classname="com.tviptv.app.data.xtream.XtreamRepositoryTest" time="0.025"/>
  <system-out><![CDATA[]]></system-out>
  <system-err><![CDATA[]]></system-err>
</testsuite>
