<?xml version="1.0" encoding="UTF-8"?>
<testsuite name="com.tviptv.app.data.cache.CategoryContentLoaderTest" tests="3" skipped="0" failures="0" errors="0" timestamp="2026-06-22T01:57:51" hostname="Apples-MacBook-Pro.local" time="1.102">
  <properties/>
  <testcase name="prefetchFirstPageIfAbsent_skipsWhenAlreadyCached" classname="com.tviptv.app.data.cache.CategoryContentLoaderTest" time="1.086"/>
  <testcase name="prefetchFirstPageIfAbsent_populatesCache" classname="com.tviptv.app.data.cache.CategoryContentLoaderTest" time="0.011"/>
  <testcase name="loadFirstPage_fetchesCountPageAndFavoritesInParallel" classname="com.tviptv.app.data.cache.CategoryContentLoaderTest" time="0.005"/>
  <system-out><![CDATA[]]></system-out>
  <system-err><![CDATA[WARNING: A Java agent has been loaded dynamically (/Users/apple/.gradle/caches/modules-2/files-2.1/net.bytebuddy/byte-buddy-agent/1.14.17/e3c251a39dc90badaf71c83427ba46840f219d8d/byte-buddy-agent-1.14.17.jar)
WARNING: If a serviceability tool is in use, please run with -XX:+EnableDynamicAgentLoading to hide this warning
WARNING: If a serviceability tool is not in use, please run with -Djdk.instrument.traceUsage for more information
WARNING: Dynamic loading of agents will be disallowed by default in a future release
]]></system-err>
</testsuite>
