<?xml version="1.0" encoding="UTF-8"?>
<testsuite name="com.tviptv.app.data.m3u.M3uRepositoryTest" tests="5" skipped="0" failures="0" errors="0" timestamp="2026-06-22T01:57:53" hostname="Apples-MacBook-Pro.local" time="0.234">
  <properties/>
  <testcase name="resolveStreamUrl_failsWhenStreamUrlMissing" classname="com.tviptv.app.data.m3u.M3uRepositoryTest" time="0.146"/>
  <testcase name="validateAndParse_readsLocalM3uFile" classname="com.tviptv.app.data.m3u.M3uRepositoryTest" time="0.005"/>
  <testcase name="refreshSource_cachesParsedPlaylistFromFile" classname="com.tviptv.app.data.m3u.M3uRepositoryTest" time="0.077"/>
  <testcase name="resolveStreamUrl_returnsChannelStreamUrl" classname="com.tviptv.app.data.m3u.M3uRepositoryTest" time="0.002"/>
  <testcase name="getChannels_filtersByCategoryWhenRequested" classname="com.tviptv.app.data.m3u.M3uRepositoryTest" time="0.004"/>
  <system-out><![CDATA[]]></system-out>
  <system-err><![CDATA[]]></system-err>
</testsuite>
