<?xml version="1.0" encoding="UTF-8"?>
<testsuite name="com.tviptv.app.ui.common.TvFocusCoordinatorTest" tests="3" skipped="0" failures="0" errors="0" timestamp="2026-06-22T01:57:56" hostname="Apples-MacBook-Pro.local" time="0.0">
  <properties/>
  <testcase name="isFirstGridRow_falseForLaterRows" classname="com.tviptv.app.ui.common.TvFocusCoordinatorTest" time="0.0"/>
  <testcase name="isFirstGridRow_trueForFirstRow" classname="com.tviptv.app.ui.common.TvFocusCoordinatorTest" time="0.0"/>
  <testcase name="isFirstGridRow_handlesSingleColumn" classname="com.tviptv.app.ui.common.TvFocusCoordinatorTest" time="0.0"/>
  <system-out><![CDATA[]]></system-out>
  <system-err><![CDATA[]]></system-err>
</testsuite>
