<?xml version="1.0" encoding="UTF-8"?>
<testsuite name="com.tviptv.app.data.local.MigrationsTest" tests="3" skipped="0" failures="0" errors="0" timestamp="2026-06-22T01:57:53" hostname="Apples-MacBook-Pro.local" time="0.002">
  <properties/>
  <testcase name="migration4To5_hasExpectedVersionRange" classname="com.tviptv.app.data.local.MigrationsTest" time="0.002"/>
  <testcase name="migration5To6_hasExpectedVersionRange" classname="com.tviptv.app.data.local.MigrationsTest" time="0.0"/>
  <testcase name="migration1To2_hasExpectedVersionRange" classname="com.tviptv.app.data.local.MigrationsTest" time="0.0"/>
  <system-out><![CDATA[]]></system-out>
  <system-err><![CDATA[]]></system-err>
</testsuite>
