<?xml version="1.0" encoding="UTF-8"?>
<testsuite name="com.tviptv.app.ui.search.SearchViewModelTest" tests="4" skipped="0" failures="0" errors="0" timestamp="2026-06-22T01:57:56" hostname="Apples-MacBook-Pro.local" time="0.032">
  <properties/>
  <testcase name="search_blankQueryClearsResults" classname="com.tviptv.app.ui.search.SearchViewModelTest" time="0.023"/>
  <testcase name="search_withoutSources_returnsEmptyResults" classname="com.tviptv.app.ui.search.SearchViewModelTest" time="0.004"/>
  <testcase name="search_trimsQueryBeforeSearching" classname="com.tviptv.app.ui.search.SearchViewModelTest" time="0.003"/>
  <testcase name="search_debouncesQueriesBeforeSearching" classname="com.tviptv.app.ui.search.SearchViewModelTest" time="0.002"/>
  <system-out><![CDATA[]]></system-out>
  <system-err><![CDATA[]]></system-err>
</testsuite>
