<?xml version="1.0" encoding="UTF-8"?>
<testsuite name="com.tviptv.app.data.cache.SeriesEpisodesCacheTest" tests="3" skipped="0" failures="0" errors="0" timestamp="2026-06-22T01:57:58" hostname="Apples-MacBook-Pro.local" time="0.001">
  <properties/>
  <testcase name="get_returnsNullWhenSourceUpdatedAtChanges" classname="com.tviptv.app.data.cache.SeriesEpisodesCacheTest" time="0.001"/>
  <testcase name="clearSource_removesEntriesForSource" classname="com.tviptv.app.data.cache.SeriesEpisodesCacheTest" time="0.0"/>
  <testcase name="get_returnsCachedEpisodesWhenSourceUpdatedAtMatches" classname="com.tviptv.app.data.cache.SeriesEpisodesCacheTest" time="0.0"/>
  <system-out><![CDATA[]]></system-out>
  <system-err><![CDATA[]]></system-err>
</testsuite>
