<?xml version="1.0" encoding="UTF-8"?>
<testsuite name="com.tviptv.app.util.UrlNormalizerTest" tests="5" skipped="0" failures="0" errors="0" timestamp="2026-06-22T01:58:01" hostname="Apples-MacBook-Pro.local" time="0.0">
  <properties/>
  <testcase name="normalizeBaseUrl_preservesHttps" classname="com.tviptv.app.util.UrlNormalizerTest" time="0.0"/>
  <testcase name="buildXtreamStreamUrl_supportsCustomExtension" classname="com.tviptv.app.util.UrlNormalizerTest" time="0.0"/>
  <testcase name="normalizeBaseUrl_trimsWhitespaceAndTrailingSlash" classname="com.tviptv.app.util.UrlNormalizerTest" time="0.0"/>
  <testcase name="normalizeBaseUrl_addsHttpPrefixWhenMissing" classname="com.tviptv.app.util.UrlNormalizerTest" time="0.0"/>
  <testcase name="buildXtreamStreamUrl_buildsExpectedLiveUrl" classname="com.tviptv.app.util.UrlNormalizerTest" time="0.0"/>
  <system-out><![CDATA[]]></system-out>
  <system-err><![CDATA[]]></system-err>
</testsuite>
