<?xml version="1.0" encoding="UTF-8"?>
<testsuite name="com.tviptv.app.data.local.MappersTest" tests="3" skipped="0" failures="0" errors="0" timestamp="2026-06-22T01:57:58" hostname="Apples-MacBook-Pro.local" time="0.001">
  <properties/>
  <testcase name="channelEntity_toDomain_mapsCategoryNameWhenProvided" classname="com.tviptv.app.data.local.MappersTest" time="0.0"/>
  <testcase name="sourceEntity_toDomain_mapsFieldsAndPassword" classname="com.tviptv.app.data.local.MappersTest" time="0.001"/>
  <testcase name="categoryEntity_toDomain_usesExternalIdAsCategoryId" classname="com.tviptv.app.data.local.MappersTest" time="0.0"/>
  <system-out><![CDATA[]]></system-out>
  <system-err><![CDATA[]]></system-err>
</testsuite>
