<?xml version="1.0" encoding="UTF-8"?>
<testsuite name="com.tviptv.app.ui.categories.CategoryDetailViewModelTest" tests="3" skipped="0" failures="0" errors="0" timestamp="2026-06-22T01:58:01" hostname="Apples-MacBook-Pro.local" time="0.135">
  <properties/>
  <testcase name="load_cacheMiss_usesParallelFirstPageLoader" classname="com.tviptv.app.ui.categories.CategoryDetailViewModelTest" time="0.071"/>
  <testcase name="loadNextPage_afterFirstPage_fetchesNextOffsetFromDao" classname="com.tviptv.app.ui.categories.CategoryDetailViewModelTest" time="0.033"/>
  <testcase name="load_cacheHit_skipsDatabaseAndRestoresState" classname="com.tviptv.app.ui.categories.CategoryDetailViewModelTest" time="0.031"/>
  <system-out><![CDATA[]]></system-out>
  <system-err><![CDATA[]]></system-err>
</testsuite>
