<?xml version="1.0" encoding="UTF-8"?>
<testsuite name="com.tviptv.app.ui.details.SeriesDetailsViewModelTest" tests="2" skipped="0" failures="0" errors="0" timestamp="2026-06-22T01:58:01" hostname="Apples-MacBook-Pro.local" time="0.065">
  <properties/>
  <testcase name="load_cacheHit_skipsNetwork" classname="com.tviptv.app.ui.details.SeriesDetailsViewModelTest" time="0.032"/>
  <testcase name="load_cacheMiss_fetchesAndCachesEpisodes" classname="com.tviptv.app.ui.details.SeriesDetailsViewModelTest" time="0.033"/>
  <system-out><![CDATA[]]></system-out>
  <system-err><![CDATA[]]></system-err>
</testsuite>
