<?xml version="1.0" encoding="UTF-8"?>
<testsuite name="com.tviptv.app.data.repository.SourceRefreshPolicyTest" tests="4" skipped="0" failures="0" errors="0" timestamp="2026-06-22T01:57:58" hostname="Apples-MacBook-Pro.local" time="0.048">
  <properties/>
  <testcase name="shouldNotAutoRefresh_whenManualInterval" classname="com.tviptv.app.data.repository.SourceRefreshPolicyTest" time="0.044"/>
  <testcase name="shouldNotRefreshFromNetwork_whenFreshCache" classname="com.tviptv.app.data.repository.SourceRefreshPolicyTest" time="0.001"/>
  <testcase name="shouldRefreshFromNetwork_whenCacheEmpty" classname="com.tviptv.app.data.repository.SourceRefreshPolicyTest" time="0.001"/>
  <testcase name="shouldRefreshFromNetwork_whenStaleAndIntervalSet" classname="com.tviptv.app.data.repository.SourceRefreshPolicyTest" time="0.002"/>
  <system-out><![CDATA[]]></system-out>
  <system-err><![CDATA[]]></system-err>
</testsuite>
