<?xml version="1.0" encoding="UTF-8"?>
<testsuite name="com.tviptv.app.data.repository.WatchHistoryRepositoryTest" tests="4" skipped="0" failures="0" errors="0" timestamp="2026-06-22T01:57:58" hostname="Apples-MacBook-Pro.local" time="0.104">
  <properties/>
  <testcase name="getRecentContinueWatching_includesEpisodeRowsWithoutChannelJoin" classname="com.tviptv.app.data.repository.WatchHistoryRepositoryTest" time="0.069"/>
  <testcase name="rememberLastWatched_upsertsWithMetadata" classname="com.tviptv.app.data.repository.WatchHistoryRepositoryTest" time="0.028"/>
  <testcase name="getRecentContinueWatching_aggregatesMultipleEpisodesFromSameSeries" classname="com.tviptv.app.data.repository.WatchHistoryRepositoryTest" time="0.004"/>
  <testcase name="getRecentContinueWatching_excludesNearlyCompleteItems" classname="com.tviptv.app.data.repository.WatchHistoryRepositoryTest" time="0.003"/>
  <system-out><![CDATA[]]></system-out>
  <system-err><![CDATA[]]></system-err>
</testsuite>
